[0mGET /robots.txt [33m404 [0m1.920 ms - 847[0m
[0mGET / [32m200 [0m10.133 ms - 3828[0m
[0mGET / [32m200 [0m10.995 ms - 3828[0m
[0mGET / [32m200 [0m12.151 ms - 3828[0m
[0mGET /wp-includes/wlwmanifest.xml [33m404 [0m1.339 ms - 847[0m
[0mGET /xmlrpc.php?rsd [33m404 [0m1.185 ms - 847[0m
[0mGET / [32m200 [0m7.488 ms - 3828[0m
[0mGET /blog/wp-includes/wlwmanifest.xml [33m404 [0m2.079 ms - 847[0m
[0mGET /web/wp-includes/wlwmanifest.xml [33m404 [0m1.214 ms - 847[0m
[0mGET /wordpress/wp-includes/wlwmanifest.xml [33m404 [0m1.890 ms - 847[0m
[0mGET /website/wp-includes/wlwmanifest.xml [33m404 [0m1.219 ms - 847[0m
[0mGET /wp/wp-includes/wlwmanifest.xml [33m404 [0m1.206 ms - 847[0m
[0mGET /news/wp-includes/wlwmanifest.xml [33m404 [0m1.246 ms - 847[0m
[0mGET /2020/wp-includes/wlwmanifest.xml [33m404 [0m1.315 ms - 847[0m
[0mGET /2019/wp-includes/wlwmanifest.xml [33m404 [0m1.157 ms - 847[0m
[0mGET /shop/wp-includes/wlwmanifest.xml [33m404 [0m1.210 ms - 847[0m
[0mGET /wp1/wp-includes/wlwmanifest.xml [33m404 [0m1.319 ms - 847[0m
[0mGET /test/wp-includes/wlwmanifest.xml [33m404 [0m1.207 ms - 847[0m
[0mGET /wp2/wp-includes/wlwmanifest.xml [33m404 [0m1.313 ms - 847[0m
[0mGET /site/wp-includes/wlwmanifest.xml [33m404 [0m1.218 ms - 847[0m
[0mGET /cms/wp-includes/wlwmanifest.xml [33m404 [0m1.249 ms - 847[0m
[0mGET /sito/wp-includes/wlwmanifest.xml [33m404 [0m1.219 ms - 847[0m
[0mPOST /boaform/admin/formLogin [33m404 [0m8.958 ms - 847[0m
[0mGET / [32m200 [0m15.217 ms - 3828[0m
[0mPOST /vendor/phpunit/phpunit/src/Util/PHP/eval-stdin.php [33m404 [0m2.270 ms - 847[0m
[0mGET / [32m200 [0m10.755 ms - 3828[0m
[0mGET / [32m200 [0m8.513 ms - 3828[0m
[0mGET /vendor/phpunit/phpunit/src/Util/PHP/eval-stdin.php [33m404 [0m1.462 ms - 847[0m
[0mGET /stalker_portal/server/tools/auth_simple.php [33m404 [0m1.933 ms - 847[0m
[0mGET / [32m200 [0m12.530 ms - 3828[0m
[0mGET / [32m200 [0m12.933 ms - 3828[0m
[0mGET / [32m200 [0m12.123 ms - 3828[0m
[0mPOST /boaform/admin/formLogin [33m404 [0m2.285 ms - 847[0m
[0mGET / [32m200 [0m9.440 ms - 3828[0m
[0mPOST /boaform/admin/formLogin [33m404 [0m1.771 ms - 847[0m
[0mGET / [32m200 [0m13.461 ms - 3828[0m
SUDS-Express - starting app.js
2022-07-20T03:00:02.420Z Listening on port 80: development mode
[0mGET /solr/admin/info/system?wt=json [33m404 [0m15.519 ms - 847[0m
SUDS-Express - starting app.js
2022-07-20T03:10:02.845Z Listening on port 80: development mode
[0mGET /index.php?s=/Index/\think\app/invokefunction&function=call_user_func_array&vars[0]=md5&vars[1][]=HelloThinkPHP21 [33m404 [0m13.396 ms - 847[0m
[0mGET / [32m200 [0m80.621 ms - 3828[0m
[0mGET /?a=fetch&content=<php>die(@md5(HelloThinkCMF))</php> [32m200 [0m11.880 ms - 3828[0m
[0mGET /.env [33m404 [0m4.195 ms - 847[0m
[0mPOST / [33m404 [0m30.198 ms - 847[0m
[0mGET /.env [33m404 [0m2.215 ms - 847[0m
[0mPOST / [33m404 [0m1.807 ms - 847[0m
[0mGET / [32m200 [0m10.955 ms - 3828[0m
[0mGET /favicon.ico [33m404 [0m1.636 ms - 847[0m
[0mGET / [32m200 [0m21.861 ms - 3828[0m
[0mGET / [32m200 [0m10.914 ms - 3828[0m
[0mGET /?XDEBUG_SESSION_START=phpstorm [32m200 [0m10.180 ms - 3828[0m
[0mGET / [32m200 [0m10.786 ms - 3828[0m
[0mGET /console/ [33m404 [0m2.330 ms - 847[0m
[0mGET / [32m200 [0m10.938 ms - 3828[0m
[0mGET http://example.com/ [32m200 [0m10.469 ms - 3828[0m
[0mPOST /Autodiscover/Autodiscover.xml [33m404 [0m1.643 ms - 847[0m
[0mPOST /boaform/admin/formLogin [33m404 [0m2.293 ms - 847[0m
[0mGET / [32m200 [0m10.936 ms - 3828[0m
[0mPOST /GponForm/diag_Form?images/ [33m404 [0m2.338 ms - 847[0m
[0mGET / [32m200 [0m9.818 ms - 3828[0m
[0mGET / [32m200 [0m10.975 ms - 3828[0m
[0mGET /favicon.ico [33m404 [0m1.488 ms - 847[0m
[0mGET /_ignition/execute-solution [33m404 [0m2.355 ms - 847[0m
[0mGET / [32m200 [0m11.445 ms - 3828[0m
[0mGET / [32m200 [0m16.394 ms - 3828[0m
[0mGET / [32m200 [0m21.739 ms - 3828[0m
[0mGET / [32m200 [0m10.875 ms - 3828[0m
[0mGET /config/getuser?index=0 [33m404 [0m1.752 ms - 847[0m
[0mGET /.env [33m404 [0m1.859 ms - 847[0m
[0mPOST / [33m404 [0m12.448 ms - 847[0m
[0mPOST /cgi-bin/.%2e/.%2e/.%2e/.%2e/bin/sh [33m404 [0m2.860 ms - 847[0m
[0mGET / [32m200 [0m10.698 ms - 3828[0m
[0mGET / [32m200 [0m311.475 ms - 3828[0m
/home/bob/demo/bin/suds
[0mGET /login [32m200 [0m172.882 ms - 2864[0m
SUDS-Express - starting app.js
2022-07-20T10:27:14.343Z Listening on port 80: development mode
